*****************************************************************
      SolidWorks Corporation - IGES Processor Status Report
*****************************************************************
=================================================================
General Information
=================================================================
Sending System Product I.D.  : C Bezel Closed.ipt
Receiving System Product I.D.: C Bezel Closed.ipt
File Name                    : No Iges File Name specified
Sending System               : AutoDesk Inventor R9
Preprocessor Version         : AutoDesk Inventor Iges Exporter R9
File Creation Date           : 20050216.111613
Model Creation Date          : 
Units                        : MM
Model Space Scale            : 1
Author                       : No Author specified
Organization                 : No Organization specified


=================================================================
Entity Processing Information
=================================================================


=================================================================
Precision analysis of IGES file:
=================================================================
  Most prevalent number of significant digits:              14
  Highest number of significant digits:                     14
  Average number of significant digits:                12.9174
  Maximum distance to origin:                          37.2237
  Minimum distance to origin:                                0
  Effective number of significant digits:                   14


=================================================================
Entity Summary
=================================================================
-----------------------------------------------------------------
Type Name                                         Count Converted
---- ----                                         ----- ---------
100  Arc                                            188       188
110  Line                                           188       188
116  Point                                           12        12
120  Surface of revolution                           40        40
123  Direction                                       24        24
124  Transformation matrix                           98        98
128  Rational B-spline surface                       14        14
141  Boundary                                        74        74
143  Bounded surface                                 66        66
190  Plane surface entity                            12        12
314  Color definition                                 1         1
_________________________________________________________________


=================================================================
Result Summary
=================================================================
SolidWorks Feature Type                Count
-----------------------                -----
Solid feature(s)                       1
Surface feature(s)                     0
Curve/Sketch feature(s)                0
--------------------------------------------
Start time: Monday, February 18, 2013 21:45:19
Finish time: Monday, February 18, 2013 21:45:21
Processing time: 0 days, 00 hours, 00 mins, 02 secs
